<?xml version="1.0" encoding="UTF-8"?>
<!-- Generated by org.testng.reporters.JUnitXMLReporter -->
<testsuite hostname="Lenovo-PC" ignored="0" name="App Test" tests="20" failures="0" timestamp="2020-05-29T18:19:52 IST" time="142.575" errors="0">
  <testcase name="navigateToProductLink" time="1.339" classname="com.App.qa.testcases.TC01_AddProduct"/>
  <testcase name="addProduct" time="5.09" classname="com.App.qa.testcases.TC01_AddProduct"/>
  <testcase name="addProduct" time="4.411" classname="com.App.qa.testcases.TC01_AddProduct"/>
  <testcase name="addProduct" time="4.424" classname="com.App.qa.testcases.TC01_AddProduct"/>
  <testcase name="addProduct" time="6.637" classname="com.App.qa.testcases.TC01_AddProduct"/>
  <testcase name="addProduct" time="4.415" classname="com.App.qa.testcases.TC01_AddProduct"/>
  <testcase name="addProduct" time="4.44" classname="com.App.qa.testcases.TC01_AddProduct"/>
  <testcase name="addProduct" time="7.071" classname="com.App.qa.testcases.TC01_AddProduct"/>
  <testcase name="addProduct" time="6.924" classname="com.App.qa.testcases.TC01_AddProduct"/>
  <testcase name="logout" time="1.637" classname="com.App.qa.testcases.TC01_AddProduct"/>
  <testcase name="TC02ProductListing" time="3.634" classname="com.App.qa.testcases.TC02_ProductListing"/>
  <testcase name="navigateToProductLink" time="1.72" classname="com.App.qa.testcases.TC03_UpdateProduct"/>
  <testcase name="TC03UpdateProduct" time="6.469" classname="com.App.qa.testcases.TC03_UpdateProduct"/>
  <testcase name="TC03UpdateProduct" time="6.541" classname="com.App.qa.testcases.TC03_UpdateProduct"/>
  <testcase name="logout" time="1.484" classname="com.App.qa.testcases.TC03_UpdateProduct"/>
  <testcase name="navigateToProductLink" time="2.161" classname="com.App.qa.testcases.TC04_DeleteProduct"/>
  <testcase name="TC04DeleteProduct" time="5.092" classname="com.App.qa.testcases.TC04_DeleteProduct"/>
  <testcase name="TC04DeleteProduct" time="4.288" classname="com.App.qa.testcases.TC04_DeleteProduct"/>
  <testcase name="TC04DeleteProduct" time="4.116" classname="com.App.qa.testcases.TC04_DeleteProduct"/>
  <testcase name="logout" time="1.575" classname="com.App.qa.testcases.TC04_DeleteProduct"/>
</testsuite> <!-- App Test -->
