<?xml version="1.0" encoding="UTF-8"?>
<!-- Generated by org.testng.reporters.JUnitXMLReporter -->
<testsuite hostname="Lenovo-PC" ignored="0" name="Online Shopping App Test" tests="2" failures="0" timestamp="16 May 2020 05:45:03 GMT" time="85.996" errors="0">
  <testcase name="registerUserTest" time="11.194" classname="com.OnlineApp.qa.testcases.RegisterUser"/>
  <testcase name="verifyOrderAmtOnHistory" time="38.622" classname="com.OnlineApp.qa.testcases.VerifyOrderHistory"/>
</testsuite> <!-- Online Shopping App Test -->
